{"name":"test002","id":"reqres.reqresinfo.UsersCURDTestWithSteps:test002","testCaseName":"reqres.reqresinfo.UsersCURDTestWithSteps","testSteps":[{"number":1,"description":"Getting the Users information from Id","duration":203,"startTime":"2022-06-06T23:35:18.017+01:00[Europe/London]","exception":{"errorType":"java.lang.AssertionError","message":"1 expectation failed.\nExpected status code \u003c200\u003e but was \u003c404\u003e.\n","stackTrace":[{"declaringClass":"io.restassured.internal.ResponseSpecificationImpl","methodName":"validateResponseIfRequired","fileName":"ResponseSpecificationImpl.groovy","lineNumber":636},{"declaringClass":"io.restassured.internal.ResponseSpecificationImpl","methodName":"statusCode","fileName":"ResponseSpecificationImpl.groovy","lineNumber":122},{"declaringClass":"io.restassured.internal.ResponseSpecificationImpl","methodName":"statusCode","fileName":"ResponseSpecificationImpl.groovy","lineNumber":130},{"declaringClass":"io.restassured.internal.ValidatableResponseOptionsImpl","methodName":"statusCode","fileName":"ValidatableResponseOptionsImpl.java","lineNumber":117},{"declaringClass":"reqres.reqresstepsinfo.UserSteps","methodName":"getCreatedUsersId","fileName":"UserSteps.java","lineNumber":34},{"declaringClass":"reqres.reqresinfo.UsersCURDTestWithSteps","methodName":"test002","fileName":"UsersCURDTestWithSteps.java","lineNumber":37}]},"result":"FAILURE","precondition":false,"children":[{"number":2,"description":"GET https://reqres.in/api/users/527\r\r","duration":0,"startTime":"2022-06-06T23:35:18.200+01:00[Europe/London]","result":"SUCCESS","restQuery":{"method":"GET","path":"https://reqres.in/api/users/527\r\r","content":"\r","contentType":"null","requestHeaders":"Accept\u003d*/*\r\r","requestCookies":"\r\r","responseHeaders":"Date: Mon, 06 Jun 2022 22:35:18 GMT\nContent-Type: application/json; charset\u003dutf-8\nContent-Length: 2\nConnection: keep-alive\nX-Powered-By: Express\nAccess-Control-Allow-Origin: *\nEtag: W/\"2-vyGp6PvFo4RvsFtPoIWeCReyIC8\"\nVia: 1.1 vegur\nCache-Control: max-age\u003d14400\nCF-Cache-Status: MISS\nExpect-CT: max-age\u003d604800, report-uri\u003d\"https://report-uri.cloudflare.com/cdn-cgi/beacon/expect-ct\"\nReport-To: {\"endpoints\":[{\"url\":\"https:\\/\\/a.nel.cloudflare.com\\/report\\/v3?s\u003dx1ME5GLyXummJbqcAZQeapjblliVnYHUL83jRZBlmvbHGpxV0oyTtbZEFCGoSYqZJK9FhANWNFwSRlXacxYkaLS5mCR3blL9e%2BJDKShV8r5754i0%2BVOSpjvqFOU%3D\"}],\"group\":\"cf-nel\",\"max_age\":604800}\nNEL: {\"success_fraction\":0,\"report_to\":\"cf-nel\",\"max_age\":604800}\nVary: Accept-Encoding\nServer: cloudflare\nCF-RAY: 71749ececb5a3628-MAN\nalt-svc: h3\u003d\":443\"; ma\u003d86400, h3-29\u003d\":443\"; ma\u003d86400\r","responseCookies":"\r","responseBody":"{\n    \n}","statusCode":404},"precondition":false}]}],"userStory":{"id":"reqres.reqresinfo.UsersCURDTestWithSteps","storyName":"Users CURD test with steps","storyClassName":"reqres.reqresinfo.UsersCURDTestWithSteps","path":"reqres.reqresinfo","type":"story"},"featureTag":{"name":"Reqresinfo/Users CURD test with steps","type":"story"},"title":"Verify that the Users added in to stack","tags":[{"name":"Reqresinfo/Users CURD test with steps","type":"story"}],"startTime":"2022-06-06T23:35:18.016+01:00[Europe/London]","duration":214,"testFailureCause":{"errorType":"java.lang.AssertionError","message":"1 expectation failed.\nExpected status code \u003c200\u003e but was \u003c404\u003e.\n","stackTrace":[{"declaringClass":"io.restassured.internal.ResponseSpecificationImpl","methodName":"validateResponseIfRequired","fileName":"ResponseSpecificationImpl.groovy","lineNumber":636},{"declaringClass":"io.restassured.internal.ResponseSpecificationImpl","methodName":"statusCode","fileName":"ResponseSpecificationImpl.groovy","lineNumber":122},{"declaringClass":"io.restassured.internal.ResponseSpecificationImpl","methodName":"statusCode","fileName":"ResponseSpecificationImpl.groovy","lineNumber":130},{"declaringClass":"io.restassured.internal.ValidatableResponseOptionsImpl","methodName":"statusCode","fileName":"ValidatableResponseOptionsImpl.java","lineNumber":117},{"declaringClass":"reqres.reqresstepsinfo.UserSteps","methodName":"getCreatedUsersId","fileName":"UserSteps.java","lineNumber":34},{"declaringClass":"reqres.reqresinfo.UsersCURDTestWithSteps","methodName":"test002","fileName":"UsersCURDTestWithSteps.java","lineNumber":37}]},"testFailureClassname":"java.lang.AssertionError","testFailureMessage":"1 expectation failed.\nExpected status code \u003c200\u003e but was \u003c404\u003e.\n","testFailureSummary":"FAILURE;java.lang.AssertionError;1 expectation failed.\nExpected status code \u003c200\u003e but was \u003c404\u003e.\n;ResponseSpecificationImpl.groovy","projectKey":"","annotatedResult":"FAILURE","manual":false,"testSource":"JUnit","result":"FAILURE"}