<?xml version="1.0" encoding="UTF-8"?><testsuite errors="0" failures="3" name="reqres.reqresinfo.UsersCURDTestWithSteps" skipped="0" tests="4" time="4.56" timestamp="2022-06-06T23:35:14.163+01:00[Europe/London]"><testcase classname="reqres.reqresinfo.UsersCURDTestWithSteps" name="This will create a new Users "/><testcase classname="reqres.reqresinfo.UsersCURDTestWithSteps" name="Verify that the Users added in to stack"><failure message="1 expectation failed.&#10;Expected status code &lt;200&gt; but was &lt;404&gt;.&#10;" type="java.lang.AssertionError">1 expectation failed.
Expected status code &lt;200&gt; but was &lt;404&gt;.
</failure><system-err>1 expectation failed.
Expected status code &lt;200&gt; but was &lt;404&gt;.
&#13;
io.restassured.internal.ResponseSpecificationImpl.validateResponseIfRequired(ResponseSpecificationImpl.groovy:636)&#13;
io.restassured.internal.ResponseSpecificationImpl.statusCode(ResponseSpecificationImpl.groovy:122)&#13;
io.restassured.internal.ResponseSpecificationImpl.statusCode(ResponseSpecificationImpl.groovy:130)&#13;
io.restassured.internal.ValidatableResponseOptionsImpl.statusCode(ValidatableResponseOptionsImpl.java:117)&#13;
reqres.reqresstepsinfo.UserSteps.getCreatedUsersId(UserSteps.java:34)&#13;
reqres.reqresinfo.UsersCURDTestWithSteps.test002(UsersCURDTestWithSteps.java:37)&#13;
</system-err></testcase><testcase classname="reqres.reqresinfo.UsersCURDTestWithSteps" name="This will Updated created id"><failure message="1 expectation failed.&#10;Expected status code &lt;200&gt; but was &lt;404&gt;.&#10;" type="java.lang.AssertionError">1 expectation failed.
Expected status code &lt;200&gt; but was &lt;404&gt;.
</failure><system-err>1 expectation failed.
Expected status code &lt;200&gt; but was &lt;404&gt;.
&#13;
io.restassured.internal.ResponseSpecificationImpl.validateResponseIfRequired(ResponseSpecificationImpl.groovy:636)&#13;
io.restassured.internal.ResponseSpecificationImpl.statusCode(ResponseSpecificationImpl.groovy:122)&#13;
io.restassured.internal.ResponseSpecificationImpl.statusCode(ResponseSpecificationImpl.groovy:130)&#13;
io.restassured.internal.ValidatableResponseOptionsImpl.statusCode(ValidatableResponseOptionsImpl.java:117)&#13;
reqres.reqresstepsinfo.UserSteps.getCreatedUsersId(UserSteps.java:34)&#13;
reqres.reqresinfo.UsersCURDTestWithSteps.test003(UsersCURDTestWithSteps.java:48)&#13;
</system-err></testcase><testcase classname="reqres.reqresinfo.UsersCURDTestWithSteps" name="This will Delate created id"><failure message="1 expectation failed.&#10;Expected status code &lt;200&gt; but was &lt;204&gt;.&#10;" type="java.lang.AssertionError">1 expectation failed.
Expected status code &lt;200&gt; but was &lt;204&gt;.
</failure><system-err>1 expectation failed.
Expected status code &lt;200&gt; but was &lt;204&gt;.
&#13;
io.restassured.internal.ResponseSpecificationImpl.validateResponseIfRequired(ResponseSpecificationImpl.groovy:636)&#13;
io.restassured.internal.ResponseSpecificationImpl.statusCode(ResponseSpecificationImpl.groovy:122)&#13;
io.restassured.internal.ResponseSpecificationImpl.statusCode(ResponseSpecificationImpl.groovy:130)&#13;
io.restassured.internal.ValidatableResponseOptionsImpl.statusCode(ValidatableResponseOptionsImpl.java:117)&#13;
reqres.reqresinfo.UsersCURDTestWithSteps.test004(UsersCURDTestWithSteps.java:56)&#13;
</system-err></testcase></testsuite>